[w.tuybutky.com/cuoi-thanh-tung---kim-trinh-3013.html]
[backblue.gif]
[fade.gif]
[index.html]
[w.ladicdn.com/v4/source/ladipagev3.min041e.js]
[w.ladicdn.com/s400x400/5e51ff6161a254079fc6d2ed/may-tinh-10111111111-20231009133927-cj_yy.png]
[w.ladicdn.com/s550x400/5e51ff6161a254079fc6d2ed/shape-20231009123132-bofwo.png]
[a.ladipage.com/index.html]
[fonts.googleapis.com/index.html]
[w.ladicdn.com/s600x600/5e51ff6161a254079fc6d2ed/8-2-20231009123120-3qq3w.png]
[api.sales.ldpform.net/index.html]
[w.ladicdn.com/s750x600/5e51ff6161a254079fc6d2ed/album-anh-cuoi-vuon-nhan-22-20231009123131-8m68b.jpg]
[w.ladicdn.com/s400x400/5e51ff6161a254079fc6d2ed/may-tinh-9111-20231009133927-br-wb.png]
[w.ladicdn.com/s1440x709/5e51ff6161a254079fc6d2ed/album-anh-cuoi-vuon-nhan-27-20231009123131-lbkns.jpg]
[g.ladicdn.com/index.html]
[w.ladicdn.com/s700x1200/5e51ff6161a254079fc6d2ed/time-love-20231009123132--_3ff.png]
[w.ladicdn.com/s800x900/5e51ff6161a254079fc6d2ed/thiet-ke-chua-co-ten-31-1-20231009123356-eonip.png]
[w.ladicdn.com/s500x450/5e51ff6161a254079fc6d2ed/2023-1311-20231009123126-gqhgr.png]
[w.ladicdn.com/s1440x800/5e51ff6161a254079fc6d2ed/900-am-22032023-3-20231009123126-_omv2.png]
[w.ladicdn.com/s1440x640/5e51ff6161a254079fc6d2ed/backgrou-17-20231009123132-zvjfy.jpg]
[w.ladicdn.com/s600x750/5e51ff6161a254079fc6d2ed/album-anh-cuoi-han-quoc-phim-truong-34-20231009123127-em5lv.jpg]
[w.ladicdn.com/s600x750/5e51ff6161a254079fc6d2ed/album-anh-cuoi-han-quoc-phim-truong-27-20231009123127-jxx1n.jpg]
[w.ladicdn.com/s600x750/5e51ff6161a254079fc6d2ed/album-anh-cuoi-han-quoc-phim-truong-23-20231009123127-kxerc.jpg]
[w.ladicdn.com/s600x750/5e51ff6161a254079fc6d2ed/album-anh-cuoi-han-quoc-phim-truong-6-20231009123127--gda_.jpg]
[w.ladicdn.com/s600x750/5e51ff6161a254079fc6d2ed/album-anh-cuoi-han-quoc-phim-truong-4-20231009123126-ut1x_.jpg]
[w.ladicdn.com/s600x750/5e51ff6161a254079fc6d2ed/album-anh-cuoi-han-quoc-phim-truong-28-20231009123127-wbykp.jpg]
[w.ladicdn.com/s600x750/5e51ff6161a254079fc6d2ed/album-anh-cuoi-han-quoc-phim-truong-30-20231009123127-uc5ms.jpg]
[w.ladicdn.com/s1440x735/5e51ff6161a254079fc6d2ed/backgrou-24-20231009140935-cgbq3.jpg]
[w.ladicdn.com/s750x700/5e51ff6161a254079fc6d2ed/ban-sao-cua-anh-cuoi-klxtqs-2-300x267-1-20231009140935-cor7b.png]
[w.ladicdn.com/s550x600/5e51ff6161a254079fc6d2ed/1693851088542-20230904181204-0xa4l.png]
[w.ladicdn.com/s900x400/5e51ff6161a254079fc6d2ed/r1-_1_-20231009141100-mkdfy.png]
[w.ladicdn.com/s650x850/5e51ff6161a254079fc6d2ed/album-anh-cuoi-han-quoc-phim-truong-34-20231009123127-em5lv.jpg]
[w.ladicdn.com/s768x337/5e51ff6161a254079fc6d2ed/album-anh-cuoi-vuon-nhan-27-20231009123131-lbkns.jpg]
[w.ladicdn.com/s700x1550/5e51ff6161a254079fc6d2ed/time-love-20231009123132--_3ff.png]
[w.ladicdn.com/s350x350/5e51ff6161a254079fc6d2ed/may-tinh-9111-20231009133927-br-wb.png]
[w.ladicdn.com/s450x400/5e51ff6161a254079fc6d2ed/2023-1311-20231009123126-gqhgr.png]
[w.ladicdn.com/s768x1277/5e51ff6161a254079fc6d2ed/900-am-22032023-3-20231009123126-_omv2.png]
[w.ladicdn.com/s768x635/5e51ff6161a254079fc6d2ed/untitled-1-3-20231009144430-efgub.jpg]
[w.ladicdn.com/s650x750/5e51ff6161a254079fc6d2ed/thiet-ke-chua-co-ten-31-1-20231009123356-eonip.png]
[w.ladicdn.com/s500x600/5e51ff6161a254079fc6d2ed/album-anh-cuoi-han-quoc-phim-truong-34-20231009123127-em5lv.jpg]
[w.ladicdn.com/s500x600/5e51ff6161a254079fc6d2ed/album-anh-cuoi-han-quoc-phim-truong-27-20231009123127-jxx1n.jpg]
[w.ladicdn.com/s500x600/5e51ff6161a254079fc6d2ed/album-anh-cuoi-han-quoc-phim-truong-23-20231009123127-kxerc.jpg]
[w.ladicdn.com/s500x600/5e51ff6161a254079fc6d2ed/album-anh-cuoi-han-quoc-phim-truong-6-20231009123127--gda_.jpg]
[w.ladicdn.com/s500x600/5e51ff6161a254079fc6d2ed/album-anh-cuoi-han-quoc-phim-truong-4-20231009123126-ut1x_.jpg]
[w.ladicdn.com/s500x600/5e51ff6161a254079fc6d2ed/album-anh-cuoi-han-quoc-phim-truong-30-20231009123127-uc5ms.jpg]
[w.ladicdn.com/s500x600/5e51ff6161a254079fc6d2ed/album-anh-cuoi-han-quoc-phim-truong-28-20231009123127-wbykp.jpg]
[w.ladicdn.com/s768x1203/5e51ff6161a254079fc6d2ed/backgrou-24-20231009140935-cgbq3.jpg]
[w.ladicdn.com/s600x550/5e51ff6161a254079fc6d2ed/ban-sao-cua-anh-cuoi-klxtqs-2-300x267-1-20231009140935-cor7b.png]
[w.ladicdn.com/s450x500/5e51ff6161a254079fc6d2ed/1693851088542-20230904181204-0xa4l.png]
[w.ladicdn.com/s750x400/5e51ff6161a254079fc6d2ed/r1-_1_-20231009141100-mkdfy.png]
[w.ladicdn.com/s700x900/5e51ff6161a254079fc6d2ed/album-anh-cuoi-han-quoc-phim-truong-34-20231009123127-em5lv.jpg]
[w.ladicdn.com/s550x450/5e51ff6161a254079fc6d2ed/2023-1311-20231009123126-gqhgr.png]
[w.tuybutky.com/cuoi-thanh-tung---kim-trinh-3013.html]
[g.ladicdn.com/tracking/5e51ff6161a254079fc6d2ed-647335fbd3b64a00123b4232.js]
[fonts.googleapis.com/index.html]
[fonts.gstatic.com/index.html]
[s.ladicdn.com/index.html]
[api1.ldpform.com/index.html]
[w.ladicdn.com/index.html]
[g.ladicdn.com/index.html]
[api.sales.ldpform.net/index.html]
[w.ladicdn.com/s400x400/5e51ff6161a254079fc6d2ed/may-tinh-10111111111-20231009133927-cj_yy.png]
[w.ladicdn.com/v4/source/ladipagev3.min041e.js]
[w.ladicdn.com/s550x400/5e51ff6161a254079fc6d2ed/shape-20231009123132-bofwo.png]
[w.ladicdn.com/s750x600/5e51ff6161a254079fc6d2ed/album-anh-cuoi-vuon-nhan-22-20231009123131-8m68b.jpg]
[w.ladicdn.com/s400x400/5e51ff6161a254079fc6d2ed/may-tinh-9111-20231009133927-br-wb.png]
[w.ladicdn.com/s600x600/5e51ff6161a254079fc6d2ed/8-2-20231009123120-3qq3w.png]
[w.ladicdn.com/s1440x709/5e51ff6161a254079fc6d2ed/album-anh-cuoi-vuon-nhan-27-20231009123131-lbkns.jpg]
[w.ladicdn.com/s700x1200/5e51ff6161a254079fc6d2ed/time-love-20231009123132--_3ff.png]
[w.ladicdn.com/s500x450/5e51ff6161a254079fc6d2ed/2023-1311-20231009123126-gqhgr.png]
[w.ladicdn.com/index.html]
